生成启动时间为 2019/9/12 9:06:19。
     1>项目“D:\dailyTask\20190909\udpServer\udpServer\udpServer.vcxproj”在节点 2 上(build 个目标)。
     1>InitializeBuildStatus:
         正在创建“Debug\udpServer.unsuccessfulbuild”，因为已指定“AlwaysCreate”。
       ClCompile:
         D:\software_down\vs2010\setting\VC\bin\CL.exe /c /ZI /nologo /W3 /WX- /Od /Oy- /D _MBCS /Gm /EHsc /RTC1 /MDd /GS /fp:precise /Zc:wchar_t /Zc:forScope /Fo"Debug\\" /Fd"Debug\vc100.pdb" /Gd /TP /analyze- /errorReport:prompt main.cpp
         main.cpp
       Link:
         D:\software_down\vs2010\setting\VC\bin\link.exe /ERRORREPORT:PROMPT /OUT:"D:\dailyTask\20190909\udpServer\Debug\udpServer.exe" /NOLOGO kernel32.lib user32.lib gdi32.lib winspool.lib comdlg32.lib advapi32.lib shell32.lib ole32.lib oleaut32.lib uuid.lib odbc32.lib odbccp32.lib /MANIFEST /ManifestFile:"Debug\udpServer.exe.intermediate.manifest" /MANIFESTUAC:"level='asInvoker' uiAccess='false'" /DEBUG /PDB:"D:\dailyTask\20190909\udpServer\Debug\udpServer.pdb" /TLBID:1 /DYNAMICBASE /NXCOMPAT /IMPLIB:"D:\dailyTask\20190909\udpServer\Debug\udpServer.lib" /MACHINE:X86 Debug\main.obj
         Debug\udpServer.obj
         LINK : 没有找到 D:\dailyTask\20190909\udpServer\Debug\udpServer.exe 或上一个增量链接没有生成它；正在执行完全链接
         udpServer.vcxproj -> D:\dailyTask\20190909\udpServer\Debug\udpServer.exe
       Manifest:
         C:\Program Files (x86)\Microsoft SDKs\Windows\v7.0A\bin\mt.exe /nologo /verbose /outputresource:"D:\dailyTask\20190909\udpServer\Debug\udpServer.exe;#1" /manifest Debug\udpServer.exe.intermediate.manifest
       FinalizeBuildStatus:
         正在删除文件“Debug\udpServer.unsuccessfulbuild”。
         正在对“Debug\udpServer.lastbuildstate”执行 Touch 任务。
     1>已完成生成项目“D:\dailyTask\20190909\udpServer\udpServer\udpServer.vcxproj”(build 个目标)的操作。

生成成功。

已用时间 00:00:00.80
